<?xml version="1.0" encoding="UTF-8"?>
<!-- Generated by org.testng.reporters.JUnitXMLReporter -->
<testsuite ignored="0" hostname="LAPTOP-LMUR1VSE" failures="3" tests="8" name="Test" time="7.039" errors="0" timestamp="2024-09-08T13:19:48 IST">
  <testcase classname="qafox.testng" name="failTestMethodassert" time="0.018">
    <failure type="java.lang.AssertionError" message="expected [ppp] but found [ll]">
      <![CDATA[java.lang.AssertionError: expected [ppp] but found [ll]
at qafox.testng.failTestMethodassert(testng.java:39)
at java.base/java.util.ArrayList.forEach(ArrayList.java:1511)
... Removed 33 stack frames]]>
    </failure>
  </testcase> <!-- failTestMethodassert -->
  <testcase classname="qafox.testng" name="faileTimeOut" time="0.025">
    <failure type="org.testng.internal.thread.ThreadTimeoutException" message="Method qafox.testng.faileTimeOut() didn&amp;apos;t finish within the time-out 10">
      <![CDATA[org.testng.internal.thread.ThreadTimeoutException: Method qafox.testng.faileTimeOut() didn't finish within the time-out 10
at java.base@17.0.5/java.lang.Thread.sleep(Native Method)
at app//qafox.testng.faileTimeOut(testng.java:43)
at java.base@17.0.5/java.util.concurrent.FutureTask.run(FutureTask.java:264)
at java.base@17.0.5/java.util.concurrent.ThreadPoolExecutor.runWorker(ThreadPoolExecutor.java:1136)
at java.base@17.0.5/java.util.concurrent.ThreadPoolExecutor$Worker.run(ThreadPoolExecutor.java:635)
at java.base@17.0.5/java.lang.Thread.run(Thread.java:833)
... Removed 8 stack frames]]>
    </failure>
  </testcase> <!-- faileTimeOut -->
  <testcase classname="qafox.testng" name="getText" time="0.019">
    <failure type="java.lang.AssertionError" message="expected [Google] but found [googl]">
      <![CDATA[java.lang.AssertionError: expected [Google] but found [googl]
at qafox.testng.getText(testng.java:65)
at java.base/java.util.ArrayList.forEach(ArrayList.java:1511)
... Removed 33 stack frames]]>
    </failure>
  </testcase> <!-- getText -->
  <testcase classname="qafox.testng" name="skippedMethod" time="0.0">
    <skipped/>
  </testcase> <!-- skippedMethod -->
  <testcase classname="qafox.testng" name="invlidlogin" time="0.001"/>
  <testcase classname="qafox.testng" name="alwayRun" time="0.0"/>
  <testcase classname="qafox.DaraProvide" name="student" time="0.0"/>
  <testcase classname="qafox.DaraProvide" name="student" time="0.0"/>
</testsuite> <!-- Test -->
